# JRE version: Java(TM) SE Runtime Environment (8.0_241-b07) (build 1.8.0_241-b07)
# Java VM: Java HotSpot(TM) 64-Bit Server VM (25.241-b07 mixed mode windows-amd64 compressed oops)
Heap:
 PSYoungGen      total 166400K, used 3020K [0x00000000eb400000, 0x00000000f9080000, 0x0000000100000000)
  eden space 151040K, 2% used [0x00000000eb400000,0x00000000eb6f3380,0x00000000f4780000)
  from space 15360K, 0% used [0x00000000f4780000,0x00000000f4780000,0x00000000f5680000)
  to   space 14848K, 0% used [0x00000000f8200000,0x00000000f8200000,0x00000000f9080000)
 ParOldGen       total 73728K, used 22513K [0x00000000c1c00000, 0x00000000c6400000, 0x00000000eb400000)
  object space 73728K, 30% used [0x00000000c1c00000,0x00000000c31fc648,0x00000000c6400000)
 Metaspace       used 56030K, capacity 59094K, committed 59392K, reserved 1099776K
  class space    used 7659K, capacity 8137K, committed 8192K, reserved 1048576K
GC Heap History (10 events):
Event: 11.446 GC heap before
{Heap before GC invocations=12 (full 2):
 PSYoungGen      total 123392K, used 7416K [0x00000000eb400000, 0x00000000f4300000, 0x0000000100000000)
  eden space 112640K, 0% used [0x00000000eb400000,0x00000000eb400000,0x00000000f2200000)
  from space 10752K, 68% used [0x00000000f2c80000,0x00000000f33be198,0x00000000f3700000)
  to   space 10752K, 0% used [0x00000000f2200000,0x00000000f2200000,0x00000000f2c80000)
 ParOldGen       total 36352K, used 10692K [0x00000000c1c00000, 0x00000000c3f80000, 0x00000000eb400000)
  object space 36352K, 29% used [0x00000000c1c00000,0x00000000c2671198,0x00000000c3f80000)
 Metaspace       used 33676K, capacity 35414K, committed 35496K, reserved 1079296K
  class space    used 4462K, capacity 4797K, committed 4864K, reserved 1048576K
Event: 11.527 GC heap after
Heap after GC invocations=12 (full 2):
 PSYoungGen      total 123392K, used 0K [0x00000000eb400000, 0x00000000f4300000, 0x0000000100000000)
  eden space 112640K, 0% used [0x00000000eb400000,0x00000000eb400000,0x00000000f2200000)
  from space 10752K, 0% used [0x00000000f2c80000,0x00000000f2c80000,0x00000000f3700000)
  to   space 10752K, 0% used [0x00000000f2200000,0x00000000f2200000,0x00000000f2c80000)
 ParOldGen       total 49664K, used 12157K [0x00000000c1c00000, 0x00000000c4c80000, 0x00000000eb400000)
  object space 49664K, 24% used [0x00000000c1c00000,0x00000000c27df638,0x00000000c4c80000)
 Metaspace       used 33676K, capacity 35414K, committed 35496K, reserved 1079296K
  class space    used 4462K, capacity 4797K, committed 4864K, reserved 1048576K
}
Event: 15.187 GC heap before
{Heap before GC invocations=13 (full 2):
 PSYoungGen      total 123392K, used 112640K [0x00000000eb400000, 0x00000000f4300000, 0x0000000100000000)
  eden space 112640K, 100% used [0x00000000eb400000,0x00000000f2200000,0x00000000f2200000)
  from space 10752K, 0% used [0x00000000f2c80000,0x00000000f2c80000,0x00000000f3700000)
  to   space 10752K, 0% used [0x00000000f2200000,0x00000000f2200000,0x00000000f2c80000)
 ParOldGen       total 49664K, used 12157K [0x00000000c1c00000, 0x00000000c4c80000, 0x00000000eb400000)
  object space 49664K, 24% used [0x00000000c1c00000,0x00000000c27df638,0x00000000c4c80000)
 Metaspace       used 48163K, capacity 50148K, committed 50304K, reserved 1093632K
  class space    used 6638K, capacity 6990K, committed 7040K, reserved 1048576K
Event: 15.215 GC heap after
Heap after GC invocations=13 (full 2):
 PSYoungGen      total 123392K, used 10733K [0x00000000eb400000, 0x00000000f6700000, 0x0000000100000000)
  eden space 112640K, 0% used [0x00000000eb400000,0x00000000eb400000,0x00000000f2200000)
  from space 10752K, 99% used [0x00000000f2200000,0x00000000f2c7b738,0x00000000f2c80000)
  to   space 14336K, 0% used [0x00000000f5900000,0x00000000f5900000,0x00000000f6700000)
 ParOldGen       total 49664K, used 17785K [0x00000000c1c00000, 0x00000000c4c80000, 0x00000000eb400000)
  object space 49664K, 35% used [0x00000000c1c00000,0x00000000c2d5e4f0,0x00000000c4c80000)
 Metaspace       used 48163K, capacity 50148K, committed 50304K, reserved 1093632K
  class space    used 6638K, capacity 6990K, committed 7040K, reserved 1048576K
}
Event: 19.350 GC heap before
{Heap before GC invocations=14 (full 2):
 PSYoungGen      total 123392K, used 123373K [0x00000000eb400000, 0x00000000f6700000, 0x0000000100000000)
  eden space 112640K, 100% used [0x00000000eb400000,0x00000000f2200000,0x00000000f2200000)
  from space 10752K, 99% used [0x00000000f2200000,0x00000000f2c7b738,0x00000000f2c80000)
  to   space 14336K, 0% used [0x00000000f5900000,0x00000000f5900000,0x00000000f6700000)
 ParOldGen       total 49664K, used 17785K [0x00000000c1c00000, 0x00000000c4c80000, 0x00000000eb400000)
  object space 49664K, 35% used [0x00000000c1c00000,0x00000000c2d5e4f0,0x00000000c4c80000)
 Metaspace       used 52739K, capacity 55382K, committed 55552K, reserved 1097728K
  class space    used 7212K, capacity 7657K, committed 7680K, reserved 1048576K
Event: 19.368 GC heap after
Heap after GC invocations=14 (full 2):
 PSYoungGen      total 163840K, used 11060K [0x00000000eb400000, 0x00000000f6580000, 0x0000000100000000)
  eden space 151040K, 0% used [0x00000000eb400000,0x00000000eb400000,0x00000000f4780000)
  from space 12800K, 86% used [0x00000000f5900000,0x00000000f63cd050,0x00000000f6580000)
  to   space 15360K, 0% used [0x00000000f4780000,0x00000000f4780000,0x00000000f5680000)
 ParOldGen       total 49664K, used 17793K [0x00000000c1c00000, 0x00000000c4c80000, 0x00000000eb400000)
  object space 49664K, 35% used [0x00000000c1c00000,0x00000000c2d604f0,0x00000000c4c80000)
 Metaspace       used 52739K, capacity 55382K, committed 55552K, reserved 1097728K
  class space    used 7212K, capacity 7657K, committed 7680K, reserved 1048576K
}
Event: 48.428 GC heap before
{Heap before GC invocations=15 (full 2):
 PSYoungGen      total 163840K, used 70997K [0x00000000eb400000, 0x00000000f6580000, 0x0000000100000000)
  eden space 151040K, 39% used [0x00000000eb400000,0x00000000eee88670,0x00000000f4780000)
  from space 12800K, 86% used [0x00000000f5900000,0x00000000f63cd050,0x00000000f6580000)
  to   space 15360K, 0% used [0x00000000f4780000,0x00000000f4780000,0x00000000f5680000)
 ParOldGen       total 49664K, used 17793K [0x00000000c1c00000, 0x00000000c4c80000, 0x00000000eb400000)
  object space 49664K, 35% used [0x00000000c1c00000,0x00000000c2d604f0,0x00000000c4c80000)
 Metaspace       used 55976K, capacity 59024K, committed 59136K, reserved 1099776K
  class space    used 7645K, capacity 8136K, committed 8192K, reserved 1048576K
Event: 48.463 GC heap after
Heap after GC invocations=15 (full 2):
 PSYoungGen      total 166400K, used 5428K [0x00000000eb400000, 0x00000000f9080000, 0x0000000100000000)
  eden space 151040K, 0% used [0x00000000eb400000,0x00000000eb400000,0x00000000f4780000)
  from space 15360K, 35% used [0x00000000f4780000,0x00000000f4ccd070,0x00000000f5680000)
  to   space 14848K, 0% used [0x00000000f8200000,0x00000000f8200000,0x00000000f9080000)
 ParOldGen       total 49664K, used 25950K [0x00000000c1c00000, 0x00000000c4c80000, 0x00000000eb400000)
  object space 49664K, 52% used [0x00000000c1c00000,0x00000000c35579c0,0x00000000c4c80000)
 Metaspace       used 55976K, capacity 59024K, committed 59136K, reserved 1099776K
  class space    used 7645K, capacity 8136K, committed 8192K, reserved 1048576K
}
Event: 48.463 GC heap before
{Heap before GC invocations=16 (full 3):
 PSYoungGen      total 166400K, used 5428K [0x00000000eb400000, 0x00000000f9080000, 0x0000000100000000)
  eden space 151040K, 0% used [0x00000000eb400000,0x00000000eb400000,0x00000000f4780000)
  from space 15360K, 35% used [0x00000000f4780000,0x00000000f4ccd070,0x00000000f5680000)
  to   space 14848K, 0% used [0x00000000f8200000,0x00000000f8200000,0x00000000f9080000)
 ParOldGen       total 49664K, used 25950K [0x00000000c1c00000, 0x00000000c4c80000, 0x00000000eb400000)
  object space 49664K, 52% used [0x00000000c1c00000,0x00000000c35579c0,0x00000000c4c80000)
 Metaspace       used 55976K, capacity 59024K, committed 59136K, reserved 1099776K
  class space    used 7645K, capacity 8136K, committed 8192K, reserved 1048576K
Event: 48.928 GC heap after
Heap after GC invocations=16 (full 3):
 PSYoungGen      total 166400K, used 0K [0x00000000eb400000, 0x00000000f9080000, 0x0000000100000000)
  eden space 151040K, 0% used [0x00000000eb400000,0x00000000eb400000,0x00000000f4780000)
  from space 15360K, 0% used [0x00000000f4780000,0x00000000f4780000,0x00000000f5680000)
  to   space 14848K, 0% used [0x00000000f8200000,0x00000000f8200000,0x00000000f9080000)
 ParOldGen       total 73728K, used 22513K [0x00000000c1c00000, 0x00000000c6400000, 0x00000000eb400000)
  object space 73728K, 30% used [0x00000000c1c00000,0x00000000c31fc648,0x00000000c6400000)
 Metaspace       used 55976K, capacity 59024K, committed 59136K, reserved 1099776K
  class space    used 7645K, capacity 8136K, committed 8192K, reserved 1048576K
}

