# JRE version: Java(TM) SE Runtime Environment (8.0_241-b07) (build 1.8.0_241-b07)
# Java VM: Java HotSpot(TM) 64-Bit Server VM (25.241-b07 mixed mode windows-amd64 compressed oops)
Heap:
 PSYoungGen      total 172544K, used 2567K [0x00000000eb400000, 0x00000000fa180000, 0x0000000100000000)
  eden space 157184K, 1% used [0x00000000eb400000,0x00000000eb681df0,0x00000000f4d80000)
  from space 15360K, 0% used [0x00000000f4d80000,0x00000000f4d80000,0x00000000f5c80000)
  to   space 14848K, 0% used [0x00000000f9300000,0x00000000f9300000,0x00000000fa180000)
 ParOldGen       total 68096K, used 22453K [0x00000000c1c00000, 0x00000000c5e80000, 0x00000000eb400000)
  object space 68096K, 32% used [0x00000000c1c00000,0x00000000c31ed408,0x00000000c5e80000)
 Metaspace       used 56070K, capacity 59076K, committed 59136K, reserved 1099776K
  class space    used 7640K, capacity 8136K, committed 8192K, reserved 1048576K
GC Heap History (10 events):
Event: 9.268 GC heap before
{Heap before GC invocations=12 (full 2):
 PSYoungGen      total 123392K, used 7244K [0x00000000eb400000, 0x00000000f4980000, 0x0000000100000000)
  eden space 112640K, 0% used [0x00000000eb400000,0x00000000eb400000,0x00000000f2200000)
  from space 10752K, 67% used [0x00000000f2c80000,0x00000000f33931a8,0x00000000f3700000)
  to   space 10752K, 0% used [0x00000000f2200000,0x00000000f2200000,0x00000000f2c80000)
 ParOldGen       total 36352K, used 10901K [0x00000000c1c00000, 0x00000000c3f80000, 0x00000000eb400000)
  object space 36352K, 29% used [0x00000000c1c00000,0x00000000c26a5470,0x00000000c3f80000)
 Metaspace       used 33674K, capacity 35396K, committed 35496K, reserved 1079296K
  class space    used 4461K, capacity 4796K, committed 4864K, reserved 1048576K
Event: 9.361 GC heap after
Heap after GC invocations=12 (full 2):
 PSYoungGen      total 123392K, used 0K [0x00000000eb400000, 0x00000000f4980000, 0x0000000100000000)
  eden space 112640K, 0% used [0x00000000eb400000,0x00000000eb400000,0x00000000f2200000)
  from space 10752K, 0% used [0x00000000f2c80000,0x00000000f2c80000,0x00000000f3700000)
  to   space 10752K, 0% used [0x00000000f2200000,0x00000000f2200000,0x00000000f2c80000)
 ParOldGen       total 47104K, used 11908K [0x00000000c1c00000, 0x00000000c4a00000, 0x00000000eb400000)
  object space 47104K, 25% used [0x00000000c1c00000,0x00000000c27a1050,0x00000000c4a00000)
 Metaspace       used 33674K, capacity 35396K, committed 35496K, reserved 1079296K
  class space    used 4461K, capacity 4796K, committed 4864K, reserved 1048576K
}
Event: 17.074 GC heap before
{Heap before GC invocations=13 (full 2):
 PSYoungGen      total 123392K, used 112640K [0x00000000eb400000, 0x00000000f4980000, 0x0000000100000000)
  eden space 112640K, 100% used [0x00000000eb400000,0x00000000f2200000,0x00000000f2200000)
  from space 10752K, 0% used [0x00000000f2c80000,0x00000000f2c80000,0x00000000f3700000)
  to   space 10752K, 0% used [0x00000000f2200000,0x00000000f2200000,0x00000000f2c80000)
 ParOldGen       total 47104K, used 11908K [0x00000000c1c00000, 0x00000000c4a00000, 0x00000000eb400000)
  object space 47104K, 25% used [0x00000000c1c00000,0x00000000c27a1050,0x00000000c4a00000)
 Metaspace       used 48123K, capacity 50094K, committed 50560K, reserved 1093632K
  class space    used 6625K, capacity 6957K, committed 7040K, reserved 1048576K
Event: 17.190 GC heap after
Heap after GC invocations=13 (full 2):
 PSYoungGen      total 123392K, used 10733K [0x00000000eb400000, 0x00000000f6d80000, 0x0000000100000000)
  eden space 112640K, 0% used [0x00000000eb400000,0x00000000eb400000,0x00000000f2200000)
  from space 10752K, 99% used [0x00000000f2200000,0x00000000f2c7b540,0x00000000f2c80000)
  to   space 14336K, 0% used [0x00000000f5f80000,0x00000000f5f80000,0x00000000f6d80000)
 ParOldGen       total 47104K, used 17398K [0x00000000c1c00000, 0x00000000c4a00000, 0x00000000eb400000)
  object space 47104K, 36% used [0x00000000c1c00000,0x00000000c2cfdb00,0x00000000c4a00000)
 Metaspace       used 48123K, capacity 50094K, committed 50560K, reserved 1093632K
  class space    used 6625K, capacity 6957K, committed 7040K, reserved 1048576K
}
Event: 23.006 GC heap before
{Heap before GC invocations=14 (full 2):
 PSYoungGen      total 123392K, used 123373K [0x00000000eb400000, 0x00000000f6d80000, 0x0000000100000000)
  eden space 112640K, 100% used [0x00000000eb400000,0x00000000f2200000,0x00000000f2200000)
  from space 10752K, 99% used [0x00000000f2200000,0x00000000f2c7b540,0x00000000f2c80000)
  to   space 14336K, 0% used [0x00000000f5f80000,0x00000000f5f80000,0x00000000f6d80000)
 ParOldGen       total 47104K, used 17398K [0x00000000c1c00000, 0x00000000c4a00000, 0x00000000eb400000)
  object space 47104K, 36% used [0x00000000c1c00000,0x00000000c2cfdb00,0x00000000c4a00000)
 Metaspace       used 52791K, capacity 55434K, committed 55552K, reserved 1097728K
  class space    used 7210K, capacity 7657K, committed 7680K, reserved 1048576K
Event: 23.029 GC heap after
Heap after GC invocations=14 (full 2):
 PSYoungGen      total 169472K, used 11164K [0x00000000eb400000, 0x00000000f6b80000, 0x0000000100000000)
  eden space 157184K, 0% used [0x00000000eb400000,0x00000000eb400000,0x00000000f4d80000)
  from space 12288K, 90% used [0x00000000f5f80000,0x00000000f6a672c8,0x00000000f6b80000)
  to   space 15360K, 0% used [0x00000000f4d80000,0x00000000f4d80000,0x00000000f5c80000)
 ParOldGen       total 47104K, used 17406K [0x00000000c1c00000, 0x00000000c4a00000, 0x00000000eb400000)
  object space 47104K, 36% used [0x00000000c1c00000,0x00000000c2cffb00,0x00000000c4a00000)
 Metaspace       used 52791K, capacity 55434K, committed 55552K, reserved 1097728K
  class space    used 7210K, capacity 7657K, committed 7680K, reserved 1048576K
}
Event: 247.272 GC heap before
{Heap before GC invocations=15 (full 2):
 PSYoungGen      total 169472K, used 69865K [0x00000000eb400000, 0x00000000f6b80000, 0x0000000100000000)
  eden space 157184K, 37% used [0x00000000eb400000,0x00000000eed53490,0x00000000f4d80000)
  from space 12288K, 90% used [0x00000000f5f80000,0x00000000f6a672c8,0x00000000f6b80000)
  to   space 15360K, 0% used [0x00000000f4d80000,0x00000000f4d80000,0x00000000f5c80000)
 ParOldGen       total 47104K, used 17406K [0x00000000c1c00000, 0x00000000c4a00000, 0x00000000eb400000)
  object space 47104K, 36% used [0x00000000c1c00000,0x00000000c2cffb00,0x00000000c4a00000)
 Metaspace       used 56067K, capacity 59076K, committed 59136K, reserved 1099776K
  class space    used 7639K, capacity 8136K, committed 8192K, reserved 1048576K
Event: 247.417 GC heap after
Heap after GC invocations=15 (full 2):
 PSYoungGen      total 172544K, used 5361K [0x00000000eb400000, 0x00000000fa180000, 0x0000000100000000)
  eden space 157184K, 0% used [0x00000000eb400000,0x00000000eb400000,0x00000000f4d80000)
  from space 15360K, 34% used [0x00000000f4d80000,0x00000000f52bc510,0x00000000f5c80000)
  to   space 14848K, 0% used [0x00000000f9300000,0x00000000f9300000,0x00000000fa180000)
 ParOldGen       total 47104K, used 25589K [0x00000000c1c00000, 0x00000000c4a00000, 0x00000000eb400000)
  object space 47104K, 54% used [0x00000000c1c00000,0x00000000c34fd658,0x00000000c4a00000)
 Metaspace       used 56067K, capacity 59076K, committed 59136K, reserved 1099776K
  class space    used 7639K, capacity 8136K, committed 8192K, reserved 1048576K
}
Event: 247.417 GC heap before
{Heap before GC invocations=16 (full 3):
 PSYoungGen      total 172544K, used 5361K [0x00000000eb400000, 0x00000000fa180000, 0x0000000100000000)
  eden space 157184K, 0% used [0x00000000eb400000,0x00000000eb400000,0x00000000f4d80000)
  from space 15360K, 34% used [0x00000000f4d80000,0x00000000f52bc510,0x00000000f5c80000)
  to   space 14848K, 0% used [0x00000000f9300000,0x00000000f9300000,0x00000000fa180000)
 ParOldGen       total 47104K, used 25589K [0x00000000c1c00000, 0x00000000c4a00000, 0x00000000eb400000)
  object space 47104K, 54% used [0x00000000c1c00000,0x00000000c34fd658,0x00000000c4a00000)
 Metaspace       used 56067K, capacity 59076K, committed 59136K, reserved 1099776K
  class space    used 7639K, capacity 8136K, committed 8192K, reserved 1048576K
Event: 248.243 GC heap after
Heap after GC invocations=16 (full 3):
 PSYoungGen      total 172544K, used 0K [0x00000000eb400000, 0x00000000fa180000, 0x0000000100000000)
  eden space 157184K, 0% used [0x00000000eb400000,0x00000000eb400000,0x00000000f4d80000)
  from space 15360K, 0% used [0x00000000f4d80000,0x00000000f4d80000,0x00000000f5c80000)
  to   space 14848K, 0% used [0x00000000f9300000,0x00000000f9300000,0x00000000fa180000)
 ParOldGen       total 68096K, used 22453K [0x00000000c1c00000, 0x00000000c5e80000, 0x00000000eb400000)
  object space 68096K, 32% used [0x00000000c1c00000,0x00000000c31ed408,0x00000000c5e80000)
 Metaspace       used 56067K, capacity 59076K, committed 59136K, reserved 1099776K
  class space    used 7639K, capacity 8136K, committed 8192K, reserved 1048576K
}

